Compiling the CXX compiler identification source file "CMakeCXXCompilerId.cpp" failed.
Compiler: /usr/bin/gcc-5 
Build flags: ;-Wall;-Wextra;-Wconversion;-Wsign-conversion;-Wlogical-op;-Wdouble-promotion;;-std=c++14;-fno-strict-aliasing;-DBOOST_SIMD_NO_STRICT_ALIASING;-DNDBUG;-pedantic;-Ofast;-ggdb3;
Id flags: 

The output was:
1
gcc-5: error trying to exec 'cc1plus': execvp: Aucun fichier ou dossier de ce type


Compiling the CXX compiler identification source file "CMakeCXXCompilerId.cpp" failed.
Compiler: /usr/bin/gcc-5 
Build flags: ;-Wall;-Wextra;-Wconversion;-Wsign-conversion;-Wlogical-op;-Wdouble-promotion;;-std=c++14;-fno-strict-aliasing;-DBOOST_SIMD_NO_STRICT_ALIASING;-DNDBUG;-pedantic;-Ofast;-ggdb3;
Id flags: -c

The output was:
1
gcc-5: error trying to exec 'cc1plus': execvp: Aucun fichier ou dossier de ce type


Checking whether the CXX compiler is IAR using "" did not match "IAR .+ Compiler":
gcc-5: fatal error: no input files
compilation terminated.
Determining if the CXX compiler works failed with the following output:
Change Dir: /home/elyse/Documents/Zombie/build/CMakeFiles/CMakeTmp

Run Build Command:"/usr/bin/make" "cmTC_0fe40/fast"
/usr/bin/make -f CMakeFiles/cmTC_0fe40.dir/build.make CMakeFiles/cmTC_0fe40.dir/build
make[1] : on entre dans le répertoire « /home/elyse/Documents/Zombie/build/CMakeFiles/CMakeTmp »
Building CXX object CMakeFiles/cmTC_0fe40.dir/testCXXCompiler.cxx.o
/usr/bin/gcc-5      -o CMakeFiles/cmTC_0fe40.dir/testCXXCompiler.cxx.o -c /home/elyse/Documents/Zombie/build/CMakeFiles/CMakeTmp/testCXXCompiler.cxx
gcc-5: error trying to exec 'cc1plus': execvp: Aucun fichier ou dossier de ce type
CMakeFiles/cmTC_0fe40.dir/build.make:65 : la recette pour la cible « CMakeFiles/cmTC_0fe40.dir/testCXXCompiler.cxx.o » a échouée
make[1]: *** [CMakeFiles/cmTC_0fe40.dir/testCXXCompiler.cxx.o] Erreur 1
make[1] : on quitte le répertoire « /home/elyse/Documents/Zombie/build/CMakeFiles/CMakeTmp »
Makefile:126 : la recette pour la cible « cmTC_0fe40/fast » a échouée
make: *** [cmTC_0fe40/fast] Erreur 2


